\BOOKMARK [0][-]{chapter.1}{\376\377\000R\000a\000y\000t\000r\000a\000c\000e\000r\000\040\000P\000r\000o\000j\000e\000c\000t}{}% 1
\BOOKMARK [1][-]{section.1.1}{\376\377\000P\000r\000o\000j\000e\000c\000t\000\040\000O\000v\000e\000r\000v\000i\000e\000w}{chapter.1}% 2
\BOOKMARK [1][-]{section.1.2}{\376\377\000P\000r\000o\000j\000e\000c\000t\000\040\000S\000t\000r\000u\000c\000t\000u\000r\000e}{chapter.1}% 3
\BOOKMARK [0][-]{chapter.2}{\376\377\000H\000i\000e\000r\000a\000r\000c\000h\000i\000c\000a\000l\000\040\000I\000n\000d\000e\000x}{}% 4
\BOOKMARK [1][-]{section.2.1}{\376\377\000C\000l\000a\000s\000s\000\040\000H\000i\000e\000r\000a\000r\000c\000h\000y}{chapter.2}% 5
\BOOKMARK [0][-]{chapter.3}{\376\377\000C\000l\000a\000s\000s\000\040\000I\000n\000d\000e\000x}{}% 6
\BOOKMARK [1][-]{section.3.1}{\376\377\000C\000l\000a\000s\000s\000\040\000L\000i\000s\000t}{chapter.3}% 7
\BOOKMARK [0][-]{chapter.4}{\376\377\000F\000i\000l\000e\000\040\000I\000n\000d\000e\000x}{}% 8
\BOOKMARK [1][-]{section.4.1}{\376\377\000F\000i\000l\000e\000\040\000L\000i\000s\000t}{chapter.4}% 9
\BOOKMARK [0][-]{chapter.5}{\376\377\000C\000l\000a\000s\000s\000\040\000D\000o\000c\000u\000m\000e\000n\000t\000a\000t\000i\000o\000n}{}% 10
\BOOKMARK [1][-]{section.5.1}{\376\377\000A\000M\000a\000t\000e\000r\000i\000a\000l\000\040\000C\000l\000a\000s\000s\000\040\000R\000e\000f\000e\000r\000e\000n\000c\000e}{chapter.5}% 11
\BOOKMARK [2][-]{subsection.5.1.1}{\376\377\000M\000e\000m\000b\000e\000r\000\040\000F\000u\000n\000c\000t\000i\000o\000n\000\040\000D\000o\000c\000u\000m\000e\000n\000t\000a\000t\000i\000o\000n}{section.5.1}% 12
\BOOKMARK [3][-]{subsubsection.5.1.1.1}{\376\377\000s\000c\000a\000t\000t\000e\000r\000\050\000\051}{subsection.5.1.1}% 13
\BOOKMARK [1][-]{section.5.2}{\376\377\000A\000P\000r\000i\000m\000i\000t\000i\000v\000e\000\040\000C\000l\000a\000s\000s\000\040\000R\000e\000f\000e\000r\000e\000n\000c\000e}{chapter.5}% 14
\BOOKMARK [2][-]{subsection.5.2.1}{\376\377\000M\000e\000m\000b\000e\000r\000\040\000F\000u\000n\000c\000t\000i\000o\000n\000\040\000D\000o\000c\000u\000m\000e\000n\000t\000a\000t\000i\000o\000n}{section.5.2}% 15
\BOOKMARK [3][-]{subsubsection.5.2.1.1}{\376\377\000h\000i\000t\000\050\000\051}{subsection.5.2.1}% 16
\BOOKMARK [1][-]{section.5.3}{\376\377\000C\000a\000m\000e\000r\000a\000\040\000C\000l\000a\000s\000s\000\040\000R\000e\000f\000e\000r\000e\000n\000c\000e}{chapter.5}% 17
\BOOKMARK [1][-]{section.5.4}{\376\377\000S\000t\000r\000u\000c\000t\000s\000:\000:\000C\000a\000m\000e\000r\000a\000\040\000S\000t\000r\000u\000c\000t\000\040\000R\000e\000f\000e\000r\000e\000n\000c\000e}{chapter.5}% 18
\BOOKMARK [1][-]{section.5.5}{\376\377\000C\000o\000n\000f\000i\000g\000S\000t\000r\000u\000c\000t\000:\000:\000C\000o\000l\000o\000r\000\040\000S\000t\000r\000u\000c\000t\000\040\000R\000e\000f\000e\000r\000e\000n\000c\000e}{chapter.5}% 19
\BOOKMARK [1][-]{section.5.6}{\376\377\000S\000t\000r\000u\000c\000t\000s\000:\000:\000C\000o\000l\000o\000r\000\040\000S\000t\000r\000u\000c\000t\000\040\000R\000e\000f\000e\000r\000e\000n\000c\000e}{chapter.5}% 20
\BOOKMARK [1][-]{section.5.7}{\376\377\000F\000l\000a\000t\000c\000o\000l\000o\000r\000\040\000C\000l\000a\000s\000s\000\040\000R\000e\000f\000e\000r\000e\000n\000c\000e}{chapter.5}% 21
\BOOKMARK [2][-]{subsection.5.7.1}{\376\377\000M\000e\000m\000b\000e\000r\000\040\000F\000u\000n\000c\000t\000i\000o\000n\000\040\000D\000o\000c\000u\000m\000e\000n\000t\000a\000t\000i\000o\000n}{section.5.7}% 22
\BOOKMARK [3][-]{subsubsection.5.7.1.1}{\376\377\000s\000c\000a\000t\000t\000e\000r\000\050\000\051}{subsection.5.7.1}% 23
\BOOKMARK [1][-]{section.5.8}{\376\377\000S\000t\000r\000u\000c\000t\000s\000:\000:\000h\000i\000t\000R\000e\000c\000o\000r\000d\000\040\000S\000t\000r\000u\000c\000t\000\040\000R\000e\000f\000e\000r\000e\000n\000c\000e}{chapter.5}% 24
\BOOKMARK [1][-]{section.5.9}{\376\377\000I\000M\000a\000t\000e\000r\000i\000a\000l\000\040\000C\000l\000a\000s\000s\000\040\000R\000e\000f\000e\000r\000e\000n\000c\000e}{chapter.5}% 25
\BOOKMARK [1][-]{section.5.10}{\376\377\000I\000P\000r\000i\000m\000i\000t\000i\000v\000e\000\040\000C\000l\000a\000s\000s\000\040\000R\000e\000f\000e\000r\000e\000n\000c\000e}{chapter.5}% 26
\BOOKMARK [1][-]{section.5.11}{\376\377\000C\000o\000n\000f\000i\000g\000S\000t\000r\000u\000c\000t\000:\000:\000L\000i\000g\000h\000t\000\040\000S\000t\000r\000u\000c\000t\000\040\000R\000e\000f\000e\000r\000e\000n\000c\000e}{chapter.5}% 27
\BOOKMARK [1][-]{section.5.12}{\376\377\000M\000e\000t\000a\000l\000\040\000C\000l\000a\000s\000s\000\040\000R\000e\000f\000e\000r\000e\000n\000c\000e}{chapter.5}% 28
\BOOKMARK [2][-]{subsection.5.12.1}{\376\377\000M\000e\000m\000b\000e\000r\000\040\000F\000u\000n\000c\000t\000i\000o\000n\000\040\000D\000o\000c\000u\000m\000e\000n\000t\000a\000t\000i\000o\000n}{section.5.12}% 29
\BOOKMARK [3][-]{subsubsection.5.12.1.1}{\376\377\000s\000c\000a\000t\000t\000e\000r\000\050\000\051}{subsection.5.12.1}% 30
\BOOKMARK [1][-]{section.5.13}{\376\377\000P\000a\000r\000a\000m\000s\000\040\000S\000t\000r\000u\000c\000t\000\040\000R\000e\000f\000e\000r\000e\000n\000c\000e}{chapter.5}% 31
\BOOKMARK [1][-]{section.5.14}{\376\377\000P\000a\000r\000s\000e\000r\000\040\000C\000l\000a\000s\000s\000\040\000R\000e\000f\000e\000r\000e\000n\000c\000e}{chapter.5}% 32
\BOOKMARK [1][-]{section.5.15}{\376\377\000C\000o\000n\000f\000i\000g\000S\000t\000r\000u\000c\000t\000:\000:\000L\000i\000g\000h\000t\000:\000:\000p\000o\000i\000n\000t\000\040\000S\000t\000r\000u\000c\000t\000\040\000R\000e\000f\000e\000r\000e\000n\000c\000e}{chapter.5}% 33
\BOOKMARK [1][-]{section.5.16}{\376\377\000P\000r\000i\000m\000i\000t\000i\000v\000e\000B\000u\000i\000l\000d\000e\000r\000\040\000C\000l\000a\000s\000s\000\040\000R\000e\000f\000e\000r\000e\000n\000c\000e}{chapter.5}% 34
\BOOKMARK [1][-]{section.5.17}{\376\377\000R\000a\000y\000\040\000C\000l\000a\000s\000s\000\040\000R\000e\000f\000e\000r\000e\000n\000c\000e}{chapter.5}% 35
\BOOKMARK [1][-]{section.5.18}{\376\377\000S\000c\000r\000e\000e\000n\000\040\000C\000l\000a\000s\000s\000\040\000R\000e\000f\000e\000r\000e\000n\000c\000e}{chapter.5}% 36
\BOOKMARK [1][-]{section.5.19}{\376\377\000S\000p\000h\000e\000r\000e\000\040\000C\000l\000a\000s\000s\000\040\000R\000e\000f\000e\000r\000e\000n\000c\000e}{chapter.5}% 37
\BOOKMARK [2][-]{subsection.5.19.1}{\376\377\000M\000e\000m\000b\000e\000r\000\040\000F\000u\000n\000c\000t\000i\000o\000n\000\040\000D\000o\000c\000u\000m\000e\000n\000t\000a\000t\000i\000o\000n}{section.5.19}% 38
\BOOKMARK [3][-]{subsubsection.5.19.1.1}{\376\377\000h\000i\000t\000\050\000\051}{subsection.5.19.1}% 39
\BOOKMARK [1][-]{section.5.20}{\376\377\000T\000r\000i\000a\000n\000g\000l\000e\000\040\000C\000l\000a\000s\000s\000\040\000R\000e\000f\000e\000r\000e\000n\000c\000e}{chapter.5}% 40
\BOOKMARK [2][-]{subsection.5.20.1}{\376\377\000M\000e\000m\000b\000e\000r\000\040\000F\000u\000n\000c\000t\000i\000o\000n\000\040\000D\000o\000c\000u\000m\000e\000n\000t\000a\000t\000i\000o\000n}{section.5.20}% 41
\BOOKMARK [3][-]{subsubsection.5.20.1.1}{\376\377\000h\000i\000t\000\050\000\051}{subsection.5.20.1}% 42
\BOOKMARK [1][-]{section.5.21}{\376\377\000V\000e\000c\000t\000o\000r\0003\000D\000\040\000C\000l\000a\000s\000s\000\040\000R\000e\000f\000e\000r\000e\000n\000c\000e}{chapter.5}% 43
\BOOKMARK [0][-]{chapter.6}{\376\377\000F\000i\000l\000e\000\040\000D\000o\000c\000u\000m\000e\000n\000t\000a\000t\000i\000o\000n}{}% 44
\BOOKMARK [1][-]{section.6.1}{\376\377\000C\000o\000l\000o\000r\000.\000h\000p\000p}{chapter.6}% 45
\BOOKMARK [1][-]{section.6.2}{\376\377\000R\000a\000y\000.\000h\000p\000p}{chapter.6}% 46
\BOOKMARK [1][-]{section.6.3}{\376\377\000T\000r\000a\000n\000s\000f\000o\000r\000m\000.\000h\000p\000p}{chapter.6}% 47
\BOOKMARK [1][-]{section.6.4}{\376\377\000V\000e\000c\000t\000o\000r\0003\000D\000.\000h\000p\000p}{chapter.6}% 48
\BOOKMARK [1][-]{section.6.5}{\376\377\000A\000m\000b\000i\000e\000n\000t\000L\000i\000g\000h\000t\000.\000h\000p\000p}{chapter.6}% 49
\BOOKMARK [1][-]{section.6.6}{\376\377\000D\000i\000r\000e\000c\000t\000i\000o\000n\000a\000l\000L\000i\000g\000h\000t\000.\000h\000p\000p}{chapter.6}% 50
\BOOKMARK [1][-]{section.6.7}{\376\377\000F\000l\000a\000t\000M\000a\000t\000e\000r\000i\000a\000l\000.\000h\000p\000p}{chapter.6}% 51
\BOOKMARK [1][-]{section.6.8}{\376\377\000C\000o\000n\000e\000.\000h\000p\000p}{chapter.6}% 52
\BOOKMARK [1][-]{section.6.9}{\376\377\000C\000y\000l\000i\000n\000d\000e\000r\000.\000h\000p\000p}{chapter.6}% 53
\BOOKMARK [1][-]{section.6.10}{\376\377\000P\000l\000a\000n\000e\000.\000h\000p\000p}{chapter.6}% 54
\BOOKMARK [1][-]{section.6.11}{\376\377\000I\000m\000a\000g\000e\000.\000h\000p\000p}{chapter.6}% 55
\BOOKMARK [1][-]{section.6.12}{\376\377\000R\000e\000n\000d\000e\000r\000e\000r\000.\000h\000p\000p}{chapter.6}% 56
\BOOKMARK [1][-]{section.6.13}{\376\377\000S\000c\000e\000n\000e\000.\000h\000p\000p}{chapter.6}% 57
\BOOKMARK [1][-]{section.6.14}{\376\377\000S\000c\000e\000n\000e\000L\000o\000a\000d\000e\000r\000.\000h\000p\000p}{chapter.6}% 58
\BOOKMARK [1][-]{section.6.15}{\376\377\000C\000o\000n\000f\000i\000g\000P\000a\000r\000s\000e\000r\000.\000h\000p\000p}{chapter.6}% 59
\BOOKMARK [1][-]{section.6.16}{\376\377\000E\000r\000r\000o\000r\000.\000h\000p\000p}{chapter.6}% 60
\BOOKMARK [1][-]{section.6.17}{\376\377\000L\000o\000g\000g\000e\000r\000.\000h\000p\000p}{chapter.6}% 61
\BOOKMARK [1][-]{section.6.18}{\376\377\000P\000P\000M\000W\000r\000i\000t\000e\000r\000.\000h\000p\000p}{chapter.6}% 62
\BOOKMARK [1][-]{section.6.19}{\376\377\000T\000i\000m\000e\000r\000.\000h\000p\000p}{chapter.6}% 63
\BOOKMARK [1][-]{section.6.20}{\376\377\000A\000L\000i\000g\000h\000t\000.\000h\000p\000p}{chapter.6}% 64
\BOOKMARK [1][-]{section.6.21}{\376\377\000A\000M\000a\000t\000e\000r\000i\000a\000l\000.\000h\000p\000p}{chapter.6}% 65
\BOOKMARK [1][-]{section.6.22}{\376\377\000A\000P\000r\000i\000m\000i\000t\000i\000v\000e\000.\000h\000p\000p}{chapter.6}% 66
\BOOKMARK [1][-]{section.6.23}{\376\377\000C\000a\000m\000e\000r\000a\000.\000h\000p\000p}{chapter.6}% 67
\BOOKMARK [1][-]{section.6.24}{\376\377\000C\000a\000m\000e\000r\000a\000.\000h\000p\000p}{chapter.6}% 68
\BOOKMARK [1][-]{section.6.25}{\376\377\000I\000L\000i\000g\000h\000t\000.\000h\000p\000p}{chapter.6}% 69
\BOOKMARK [1][-]{section.6.26}{\376\377\000I\000L\000i\000g\000h\000t\000.\000h\000p\000p}{chapter.6}% 70
\BOOKMARK [1][-]{section.6.27}{\376\377\000I\000M\000a\000t\000e\000r\000i\000a\000l\000.\000h\000p\000p}{chapter.6}% 71
\BOOKMARK [1][-]{section.6.28}{\376\377\000I\000M\000a\000t\000e\000r\000i\000a\000l\000.\000h\000p\000p}{chapter.6}% 72
\BOOKMARK [1][-]{section.6.29}{\376\377\000I\000P\000r\000i\000m\000i\000t\000i\000v\000e\000.\000h\000p\000p}{chapter.6}% 73
\BOOKMARK [1][-]{section.6.30}{\376\377\000I\000P\000r\000i\000m\000i\000t\000i\000v\000e\000.\000h\000p\000p}{chapter.6}% 74
\BOOKMARK [1][-]{section.6.31}{\376\377\000m\000a\000t\000e\000r\000i\000a\000l\000O\000p\000e\000r\000a\000t\000i\000o\000n\000s\000.\000h\000p\000p}{chapter.6}% 75
\BOOKMARK [1][-]{section.6.32}{\376\377\000o\000p\000e\000r\000a\000t\000o\000r\000s\000.\000h\000p\000p}{chapter.6}% 76
\BOOKMARK [1][-]{section.6.33}{\376\377\000r\000a\000y\000.\000h\000p\000p}{chapter.6}% 77
\BOOKMARK [1][-]{section.6.34}{\376\377\000v\000e\000c\000t\000o\000r\0003\000D\000.\000h\000p\000p}{chapter.6}% 78
\BOOKMARK [1][-]{section.6.35}{\376\377\000v\000e\000c\000t\000o\000r\000O\000p\000e\000r\000a\000t\000i\000o\000n\000s\000.\000h\000p\000p}{chapter.6}% 79
\BOOKMARK [1][-]{section.6.36}{\376\377\000P\000a\000r\000s\000e\000r\000.\000h\000p\000p}{chapter.6}% 80
\BOOKMARK [1][-]{section.6.37}{\376\377\000P\000a\000r\000s\000e\000r\000.\000h\000p\000p}{chapter.6}% 81
\BOOKMARK [1][-]{section.6.38}{\376\377\000P\000r\000i\000m\000i\000t\000i\000v\000e\000B\000u\000i\000l\000d\000e\000r\000.\000h\000p\000p}{chapter.6}% 82
\BOOKMARK [1][-]{section.6.39}{\376\377\000F\000l\000a\000t\000c\000o\000l\000o\000r\000.\000h\000p\000p}{chapter.6}% 83
\BOOKMARK [1][-]{section.6.40}{\376\377\000M\000e\000t\000a\000l\000.\000h\000p\000p}{chapter.6}% 84
\BOOKMARK [1][-]{section.6.41}{\376\377\000P\000l\000a\000t\000e\000.\000h\000p\000p}{chapter.6}% 85
\BOOKMARK [1][-]{section.6.42}{\376\377\000S\000p\000h\000e\000r\000e\000.\000h\000p\000p}{chapter.6}% 86
\BOOKMARK [1][-]{section.6.43}{\376\377\000S\000p\000h\000e\000r\000e\000.\000h\000p\000p}{chapter.6}% 87
\BOOKMARK [1][-]{section.6.44}{\376\377\000S\000c\000r\000e\000e\000n\000.\000h\000p\000p}{chapter.6}% 88
\BOOKMARK [1][-]{section.6.45}{\376\377\000C\000a\000m\000e\000r\000a\000S\000t\000r\000u\000c\000t\000.\000h\000p\000p}{chapter.6}% 89
\BOOKMARK [1][-]{section.6.46}{\376\377\000L\000i\000g\000h\000t\000S\000t\000r\000u\000c\000t\000.\000h\000p\000p}{chapter.6}% 90
\BOOKMARK [1][-]{section.6.47}{\376\377\000P\000r\000i\000m\000i\000t\000e\000s\000S\000t\000r\000u\000c\000t\000s\000.\000h\000p\000p}{chapter.6}% 91
\BOOKMARK [1][-]{section.6.48}{\376\377\000s\000t\000r\000u\000c\000t\000s\000.\000h\000p\000p}{chapter.6}% 92
\BOOKMARK [1][-]{section.6.49}{\376\377\000T\000r\000i\000a\000n\000g\000l\000e\000.\000h\000p\000p}{chapter.6}% 93
\BOOKMARK [0][-]{section*.54}{\376\377\000I\000n\000d\000e\000x}{}% 94
